{"total": {"lines":{"total":208,"covered":17,"skipped":0,"pct":8.17},"statements":{"total":210,"covered":17,"skipped":0,"pct":8.09},"functions":{"total":23,"covered":1,"skipped":0,"pct":4.34},"branches":{"total":65,"covered":2,"skipped":0,"pct":3.07},"branchesTrue":{"total":0,"covered":0,"skipped":0,"pct":100}}
,"/media/harvey/data/Dev/Tech/Node/photoprism-scripts/src/config.ts": {"lines":{"total":4,"covered":4,"skipped":0,"pct":100},"functions":{"total":0,"covered":0,"skipped":0,"pct":100},"statements":{"total":4,"covered":4,"skipped":0,"pct":100},"branches":{"total":0,"covered":0,"skipped":0,"pct":100}}
,"/media/harvey/data/Dev/Tech/Node/photoprism-scripts/src/fileSystem.ts": {"lines":{"total":183,"covered":13,"skipped":0,"pct":7.1},"functions":{"total":21,"covered":1,"skipped":0,"pct":4.76},"statements":{"total":185,"covered":13,"skipped":0,"pct":7.02},"branches":{"total":65,"covered":2,"skipped":0,"pct":3.07}}
,"/media/harvey/data/Dev/Tech/Node/photoprism-scripts/src/types/sidecarFile.ts": {"lines":{"total":21,"covered":0,"skipped":0,"pct":0},"functions":{"total":2,"covered":0,"skipped":0,"pct":0},"statements":{"total":21,"covered":0,"skipped":0,"pct":0},"branches":{"total":0,"covered":0,"skipped":0,"pct":100}}
}
