{"total": {"lines":{"total":206,"covered":144,"skipped":0,"pct":69.9},"statements":{"total":229,"covered":166,"skipped":0,"pct":72.48},"functions":{"total":30,"covered":21,"skipped":0,"pct":70},"branches":{"total":69,"covered":44,"skipped":0,"pct":63.76},"branchesTrue":{"total":0,"covered":0,"skipped":0,"pct":100}}
,"/media/harvey/data/Dev/Tech/Node/photoprism-scripts/src/fileSystem.ts": {"lines":{"total":177,"covered":117,"skipped":0,"pct":66.1},"functions":{"total":26,"covered":19,"skipped":0,"pct":73.07},"statements":{"total":198,"covered":137,"skipped":0,"pct":69.19},"branches":{"total":60,"covered":36,"skipped":0,"pct":60}}
,"/media/harvey/data/Dev/Tech/Node/photoprism-scripts/src/logger.ts": {"lines":{"total":4,"covered":2,"skipped":0,"pct":50},"functions":{"total":2,"covered":0,"skipped":0,"pct":0},"statements":{"total":6,"covered":4,"skipped":0,"pct":66.66},"branches":{"total":0,"covered":0,"skipped":0,"pct":100}}
,"/media/harvey/data/Dev/Tech/Node/photoprism-scripts/src/types/sidecarFile.ts": {"lines":{"total":25,"covered":25,"skipped":0,"pct":100},"functions":{"total":2,"covered":2,"skipped":0,"pct":100},"statements":{"total":25,"covered":25,"skipped":0,"pct":100},"branches":{"total":9,"covered":8,"skipped":0,"pct":88.88}}
}
